<?xml version="1.0" encoding="UTF-8"?>
<testsuite name="com.makki.exchanges.implementations.binance.BinanceSocketTest" tests="1" skipped="0" failures="0" errors="0" timestamp="2023-07-16T22:24:46" hostname="Maxs-MBP" time="6.095">
  <properties/>
  <testcase name="testBinanceSocket()" classname="com.makki.exchanges.implementations.binance.BinanceSocketTest" time="6.095"/>
  <system-out><![CDATA[[BinanceKlineSocket] -> has started
BinanceSocketKlineAsset(start=1689545700000, end=1689546599999, open=30345.0, close=30332.0, high=30361.0, low=30331.99, volume=78.61212, trades=2803)
[BinanceKlineSocket] -> received an error: kotlinx.coroutines.JobCancellationException: Job was cancelled; job=JobImpl{Cancelled}@e6f149f
[BinanceKlineSocket] -> has stopped, wont restart
]]></system-out>
  <system-err><![CDATA[SLF4J: Failed to load class "org.slf4j.impl.StaticLoggerBinder".
SLF4J: Defaulting to no-operation (NOP) logger implementation
SLF4J: See http://www.slf4j.org/codes.html#StaticLoggerBinder for further details.
]]></system-err>
</testsuite>
